Loading plugins phase: Elapsed time ==> 0s.234ms
<CYPRESSTAG name="CyDsfit arguments...">
cydsfit arguments: -.fdsnotice -.fdswarpdepfile=warp_dependencies.txt -.fdselabdepfile=elab_dependencies.txt -.fdsbldfile=generated_files.txt -.fdsreffile=referenced_files.txt -p C:\Users\yulian\Documents\Github\PSoC101_Jaunt\06_BasicCounter.cydsn\06_BasicCounter.cyprj -d CY8C3866AXI-040 -s C:\Users\yulian\Documents\Github\PSoC101_Jaunt\06_BasicCounter.cydsn\Generated_Source\PSoC3 -- -yv2 -q10 -ygs -o2 -v3 -.fftcfgtype=BE
</CYPRESSTAG>
<CYPRESSTAG name="Design elaboration results...">
</CYPRESSTAG>
Elaboration phase: Elapsed time ==> 1s.224ms
<CYPRESSTAG name="HDL generation results...">
</CYPRESSTAG>
HDL generation phase: Elapsed time ==> 0s.022ms
<CYPRESSTAG name="Synthesis results...">

     | | | | | | |
   _________________
  -|               |-
  -|               |-
  -|               |-
  -|    CYPRESS    |-
  -|               |-
  -|               |-   Warp Verilog Synthesis Compiler: Version 6.3 IR 41
  -|               |-   Copyright (C) 1991-2001 Cypress Semiconductor
   |_______________|
     | | | | | | |

======================================================================
Compiling:  06_BasicCounter.v
Program  :   C:\Program Files (x86)\Cypress\PSoC Creator\4.4\PSoC Creator\warp\bin\warp.exe
Options  :    -yv2 -q10 -ygs -o2 -v3 -.fftcfgtype=BE -ya -.fftprj=C:\Users\yulian\Documents\Github\PSoC101_Jaunt\06_BasicCounter.cydsn\06_BasicCounter.cyprj -dcpsoc3 06_BasicCounter.v -verilog
======================================================================

======================================================================
Compiling:  06_BasicCounter.v
Program  :   C:\Program Files (x86)\Cypress\PSoC Creator\4.4\PSoC Creator\warp\bin\warp.exe
Options  :    -yv2 -q10 -ygs -o2 -v3 -.fftcfgtype=BE -ya -.fftprj=C:\Users\yulian\Documents\Github\PSoC101_Jaunt\06_BasicCounter.cydsn\06_BasicCounter.cyprj -dcpsoc3 06_BasicCounter.v -verilog
======================================================================

======================================================================
Compiling:  06_BasicCounter.v
Program  :   vlogfe
Options  :    -yv2 -q10 -ygs -o2 -v3 -.fftcfgtype=BE -ya -.fftprj=C:\Users\yulian\Documents\Github\PSoC101_Jaunt\06_BasicCounter.cydsn\06_BasicCounter.cyprj -dcpsoc3 -verilog 06_BasicCounter.v
======================================================================

vlogfe V6.3 IR 41:  Verilog parser
Sun Jun 01 19:05:07 2025


======================================================================
Compiling:  06_BasicCounter.v
Program  :   vpp
Options  :    -yv2 -q10 06_BasicCounter.v
======================================================================

vpp V6.3 IR 41:  Verilog Pre-Processor
Sun Jun 01 19:05:07 2025

Flattening file 'C:\Program Files (x86)\Cypress\PSoC Creator\4.4\PSoC Creator\psoc\content\CyComponentLibrary\CyComponentLibrary.cylib\BasicCounter_v1_0\BasicCounter_v1_0.v'
Flattening file 'C:\Program Files (x86)\Cypress\PSoC Creator\4.4\PSoC Creator\warp\lib\common\cypress.v'
Flattening file 'C:\Program Files (x86)\Cypress\PSoC Creator\4.4\PSoC Creator\warp\lib\common\cy_psoc3_inc.v'
Flattening file 'C:\Program Files (x86)\Cypress\PSoC Creator\4.4\PSoC Creator\psoc\content\CyPrimitives\cyprimitives.cylib\cy_constant_v1_0\cy_constant_v1_0.v'

vpp:  No errors.

Library 'work' => directory 'lcpsoc3'
General_symbol_table
General_symbol_table
Linking 'C:\Program Files (x86)\Cypress\PSoC Creator\4.4\PSoC Creator\warp\lib\common\std.vhd'.
Linking 'C:\Program Files (x86)\Cypress\PSoC Creator\4.4\PSoC Creator\warp\lib\common\cypress.vhd'.
Linking 'C:\Program Files (x86)\Cypress\PSoC Creator\4.4\PSoC Creator\warp\lib\common\work\cypress.vif'.
Linking 'C:\Program Files (x86)\Cypress\PSoC Creator\4.4\PSoC Creator\warp\lib\ieee\work\stdlogic.vif'.
Linking 'C:\Program Files (x86)\Cypress\PSoC Creator\4.4\PSoC Creator\warp\lib\common\stdlogic\lpmpkg.vif'.
Linking 'C:\Program Files (x86)\Cypress\PSoC Creator\4.4\PSoC Creator\warp\lib\common\stdlogic\rtlpkg.vif'.
Linking 'C:\Program Files (x86)\Cypress\PSoC Creator\4.4\PSoC Creator\warp\lib\common\stdlogic\mod_cnst.vif'.
Linking 'C:\Program Files (x86)\Cypress\PSoC Creator\4.4\PSoC Creator\warp\lib\common\stdlogic\mod_mthv.vif'.
Linking 'C:\Program Files (x86)\Cypress\PSoC Creator\4.4\PSoC Creator\warp\lib\common\stdlogic\mod_genv.vif'.
Using control file '06_BasicCounter.ctl'.
C:\Program Files (x86)\Cypress\PSoC Creator\4.4\PSoC Creator\psoc\content\CyComponentLibrary\CyComponentLibrary.cylib\BasicCounter_v1_0\BasicCounter_v1_0.v (line 59, col 28):  Note: Substituting module 'add_vi_vv' for '+'.

vlogfe:  No errors.


======================================================================
Compiling:  06_BasicCounter.v
Program  :   tovif
Options  :    -yv2 -q10 -ygs -o2 -v3 -.fftcfgtype=BE -ya -.fftprj=C:\Users\yulian\Documents\Github\PSoC101_Jaunt\06_BasicCounter.cydsn\06_BasicCounter.cyprj -dcpsoc3 -verilog 06_BasicCounter.v
======================================================================

tovif V6.3 IR 41:  High-level synthesis
Sun Jun 01 19:05:07 2025

Linking 'C:\Program Files (x86)\Cypress\PSoC Creator\4.4\PSoC Creator\warp\lib\common\std.vhd'.
Linking 'C:\Program Files (x86)\Cypress\PSoC Creator\4.4\PSoC Creator\warp\lib\common\cypress.vhd'.
Linking 'C:\Program Files (x86)\Cypress\PSoC Creator\4.4\PSoC Creator\warp\lib\common\work\cypress.vif'.
Linking 'C:\Program Files (x86)\Cypress\PSoC Creator\4.4\PSoC Creator\warp\lib\ieee\work\stdlogic.vif'.
Linking 'C:\Program Files (x86)\Cypress\PSoC Creator\4.4\PSoC Creator\warp\lib\common\stdlogic\lpmpkg.vif'.
Linking 'C:\Program Files (x86)\Cypress\PSoC Creator\4.4\PSoC Creator\warp\lib\common\stdlogic\rtlpkg.vif'.
Linking 'C:\Program Files (x86)\Cypress\PSoC Creator\4.4\PSoC Creator\warp\lib\common\stdlogic\mod_cnst.vif'.
Linking 'C:\Program Files (x86)\Cypress\PSoC Creator\4.4\PSoC Creator\warp\lib\common\stdlogic\mod_mthv.vif'.
Linking 'C:\Program Files (x86)\Cypress\PSoC Creator\4.4\PSoC Creator\warp\lib\common\stdlogic\mod_genv.vif'.
Linking 'C:\Users\yulian\Documents\Github\PSoC101_Jaunt\06_BasicCounter.cydsn\codegentemp\06_BasicCounter.ctl'.
Linking 'C:\Program Files (x86)\Cypress\PSoC Creator\4.4\PSoC Creator\psoc\content\CyComponentLibrary\CyComponentLibrary.cylib\BasicCounter_v1_0\BasicCounter_v1_0.v'.
Linking 'C:\Program Files (x86)\Cypress\PSoC Creator\4.4\PSoC Creator\warp\lib\common\cypress.v'.
Linking 'C:\Program Files (x86)\Cypress\PSoC Creator\4.4\PSoC Creator\warp\lib\common\cy_psoc3_inc.v'.
Linking 'C:\Users\yulian\Documents\Github\PSoC101_Jaunt\06_BasicCounter.cydsn\codegentemp\06_BasicCounter.v'.
Linking 'C:\Program Files (x86)\Cypress\PSoC Creator\4.4\PSoC Creator\psoc\content\CyPrimitives\cyprimitives.cylib\cy_constant_v1_0\cy_constant_v1_0.v'.
Linking 'C:\Program Files (x86)\Cypress\PSoC Creator\4.4\PSoC Creator\warp\lib\lcpsoc3\stdlogic\mod_cnst.vif'.

tovif:  No errors.


======================================================================
Compiling:  06_BasicCounter.v
Program  :   topld
Options  :    -yv2 -q10 -ygs -o2 -v3 -.fftcfgtype=BE -ya -.fftprj=C:\Users\yulian\Documents\Github\PSoC101_Jaunt\06_BasicCounter.cydsn\06_BasicCounter.cyprj -dcpsoc3 -verilog 06_BasicCounter.v
======================================================================

topld V6.3 IR 41:  Synthesis and optimization
Sun Jun 01 19:05:07 2025

Linking 'C:\Program Files (x86)\Cypress\PSoC Creator\4.4\PSoC Creator\warp\lib\common\std.vhd'.
Linking 'C:\Program Files (x86)\Cypress\PSoC Creator\4.4\PSoC Creator\warp\lib\common\cypress.vhd'.
Linking 'C:\Program Files (x86)\Cypress\PSoC Creator\4.4\PSoC Creator\warp\lib\common\work\cypress.vif'.
Linking 'C:\Program Files (x86)\Cypress\PSoC Creator\4.4\PSoC Creator\warp\lib\ieee\work\stdlogic.vif'.
Linking 'C:\Program Files (x86)\Cypress\PSoC Creator\4.4\PSoC Creator\warp\lib\common\stdlogic\lpmpkg.vif'.
Linking 'C:\Program Files (x86)\Cypress\PSoC Creator\4.4\PSoC Creator\warp\lib\common\stdlogic\rtlpkg.vif'.
Linking 'C:\Program Files (x86)\Cypress\PSoC Creator\4.4\PSoC Creator\warp\lib\common\stdlogic\mod_cnst.vif'.
Linking 'C:\Program Files (x86)\Cypress\PSoC Creator\4.4\PSoC Creator\warp\lib\common\stdlogic\mod_mthv.vif'.
Linking 'C:\Program Files (x86)\Cypress\PSoC Creator\4.4\PSoC Creator\warp\lib\common\stdlogic\mod_genv.vif'.
Linking 'C:\Users\yulian\Documents\Github\PSoC101_Jaunt\06_BasicCounter.cydsn\codegentemp\06_BasicCounter.ctl'.
Linking 'C:\Program Files (x86)\Cypress\PSoC Creator\4.4\PSoC Creator\psoc\content\CyComponentLibrary\CyComponentLibrary.cylib\BasicCounter_v1_0\BasicCounter_v1_0.v'.
Linking 'C:\Program Files (x86)\Cypress\PSoC Creator\4.4\PSoC Creator\warp\lib\common\cypress.v'.
Linking 'C:\Program Files (x86)\Cypress\PSoC Creator\4.4\PSoC Creator\warp\lib\common\cy_psoc3_inc.v'.
Linking 'C:\Users\yulian\Documents\Github\PSoC101_Jaunt\06_BasicCounter.cydsn\codegentemp\06_BasicCounter.v'.
Linking 'C:\Program Files (x86)\Cypress\PSoC Creator\4.4\PSoC Creator\psoc\content\CyPrimitives\cyprimitives.cylib\cy_constant_v1_0\cy_constant_v1_0.v'.
Linking 'C:\Program Files (x86)\Cypress\PSoC Creator\4.4\PSoC Creator\warp\lib\lcpsoc3\stdlogic\mod_cnst.vif'.
Linking 'C:\Program Files (x86)\Cypress\PSoC Creator\4.4\PSoC Creator\warp\lib\lcpsoc3\stdlogic\cpsoc3.vif'.

----------------------------------------------------------
Detecting unused logic.
----------------------------------------------------------
    User names
	\BasicCounter_1:MODULE_1:b_31\
	\BasicCounter_1:MODULE_1:b_30\
	\BasicCounter_1:MODULE_1:b_29\
	\BasicCounter_1:MODULE_1:b_28\
	\BasicCounter_1:MODULE_1:b_27\
	\BasicCounter_1:MODULE_1:b_26\
	\BasicCounter_1:MODULE_1:b_25\
	\BasicCounter_1:MODULE_1:b_24\
	\BasicCounter_1:MODULE_1:b_23\
	\BasicCounter_1:MODULE_1:b_22\
	\BasicCounter_1:MODULE_1:b_21\
	\BasicCounter_1:MODULE_1:b_20\
	\BasicCounter_1:MODULE_1:b_19\
	\BasicCounter_1:MODULE_1:b_18\
	\BasicCounter_1:MODULE_1:b_17\
	\BasicCounter_1:MODULE_1:b_16\
	\BasicCounter_1:MODULE_1:b_15\
	\BasicCounter_1:MODULE_1:b_14\
	\BasicCounter_1:MODULE_1:b_13\
	\BasicCounter_1:MODULE_1:b_12\
	\BasicCounter_1:MODULE_1:b_11\
	\BasicCounter_1:MODULE_1:b_10\
	\BasicCounter_1:MODULE_1:b_9\
	\BasicCounter_1:MODULE_1:b_8\
	\BasicCounter_1:MODULE_1:b_7\
	\BasicCounter_1:MODULE_1:b_6\
	\BasicCounter_1:MODULE_1:b_5\
	\BasicCounter_1:MODULE_1:b_4\
	\BasicCounter_1:MODULE_1:b_3\
	\BasicCounter_1:MODULE_1:b_2\
	\BasicCounter_1:MODULE_1:b_1\
	\BasicCounter_1:MODULE_1:b_0\
	\BasicCounter_1:MODULE_1:g2:a0:a_31\
	\BasicCounter_1:MODULE_1:g2:a0:a_30\
	\BasicCounter_1:MODULE_1:g2:a0:a_29\
	\BasicCounter_1:MODULE_1:g2:a0:a_28\
	\BasicCounter_1:MODULE_1:g2:a0:a_27\
	\BasicCounter_1:MODULE_1:g2:a0:a_26\
	\BasicCounter_1:MODULE_1:g2:a0:a_25\
	\BasicCounter_1:MODULE_1:g2:a0:a_24\
	\BasicCounter_1:MODULE_1:g2:a0:b_31\
	\BasicCounter_1:MODULE_1:g2:a0:b_30\
	\BasicCounter_1:MODULE_1:g2:a0:b_29\
	\BasicCounter_1:MODULE_1:g2:a0:b_28\
	\BasicCounter_1:MODULE_1:g2:a0:b_27\
	\BasicCounter_1:MODULE_1:g2:a0:b_26\
	\BasicCounter_1:MODULE_1:g2:a0:b_25\
	\BasicCounter_1:MODULE_1:g2:a0:b_24\
	\BasicCounter_1:MODULE_1:g2:a0:b_23\
	\BasicCounter_1:MODULE_1:g2:a0:b_22\
	\BasicCounter_1:MODULE_1:g2:a0:b_21\
	\BasicCounter_1:MODULE_1:g2:a0:b_20\
	\BasicCounter_1:MODULE_1:g2:a0:b_19\
	\BasicCounter_1:MODULE_1:g2:a0:b_18\
	\BasicCounter_1:MODULE_1:g2:a0:b_17\
	\BasicCounter_1:MODULE_1:g2:a0:b_16\
	\BasicCounter_1:MODULE_1:g2:a0:b_15\
	\BasicCounter_1:MODULE_1:g2:a0:b_14\
	\BasicCounter_1:MODULE_1:g2:a0:b_13\
	\BasicCounter_1:MODULE_1:g2:a0:b_12\
	\BasicCounter_1:MODULE_1:g2:a0:b_11\
	\BasicCounter_1:MODULE_1:g2:a0:b_10\
	\BasicCounter_1:MODULE_1:g2:a0:b_9\
	\BasicCounter_1:MODULE_1:g2:a0:b_8\
	\BasicCounter_1:MODULE_1:g2:a0:b_7\
	\BasicCounter_1:MODULE_1:g2:a0:b_6\
	\BasicCounter_1:MODULE_1:g2:a0:b_5\
	\BasicCounter_1:MODULE_1:g2:a0:b_4\
	\BasicCounter_1:MODULE_1:g2:a0:b_3\
	\BasicCounter_1:MODULE_1:g2:a0:b_2\
	\BasicCounter_1:MODULE_1:g2:a0:b_1\
	\BasicCounter_1:MODULE_1:g2:a0:b_0\
	\BasicCounter_1:MODULE_1:g2:a0:s_31\
	\BasicCounter_1:MODULE_1:g2:a0:s_30\
	\BasicCounter_1:MODULE_1:g2:a0:s_29\
	\BasicCounter_1:MODULE_1:g2:a0:s_28\
	\BasicCounter_1:MODULE_1:g2:a0:s_27\
	\BasicCounter_1:MODULE_1:g2:a0:s_26\
	\BasicCounter_1:MODULE_1:g2:a0:s_25\
	\BasicCounter_1:MODULE_1:g2:a0:s_24\
	\BasicCounter_1:MODULE_1:g2:a0:s_23\
	\BasicCounter_1:MODULE_1:g2:a0:s_22\
	\BasicCounter_1:MODULE_1:g2:a0:s_21\
	\BasicCounter_1:MODULE_1:g2:a0:s_20\
	\BasicCounter_1:MODULE_1:g2:a0:s_19\
	\BasicCounter_1:MODULE_1:g2:a0:s_18\
	\BasicCounter_1:MODULE_1:g2:a0:s_17\
	\BasicCounter_1:MODULE_1:g2:a0:s_16\
	\BasicCounter_1:MODULE_1:g2:a0:s_15\
	\BasicCounter_1:MODULE_1:g2:a0:s_14\
	\BasicCounter_1:MODULE_1:g2:a0:s_13\
	\BasicCounter_1:MODULE_1:g2:a0:s_12\
	\BasicCounter_1:MODULE_1:g2:a0:s_11\
	\BasicCounter_1:MODULE_1:g2:a0:s_10\
	\BasicCounter_1:MODULE_1:g2:a0:s_9\
	\BasicCounter_1:MODULE_1:g2:a0:s_8\
	\BasicCounter_1:MODULE_1:g2:a0:s_7\
	\BasicCounter_1:MODULE_1:g2:a0:s_6\
	\BasicCounter_1:MODULE_1:g2:a0:s_5\
	\BasicCounter_1:MODULE_1:g2:a0:s_4\
	\BasicCounter_1:MODULE_1:g2:a0:s_3\
	\BasicCounter_1:MODULE_1:g2:a0:s_2\
	\BasicCounter_1:MODULE_1:g2:a0:g1:z1:s0:g1:u0:c_31\
	\BasicCounter_1:MODULE_1:g2:a0:g1:z1:s0:g1:u0:c_30\
	\BasicCounter_1:MODULE_1:g2:a0:g1:z1:s0:g1:u0:c_29\
	\BasicCounter_1:MODULE_1:g2:a0:g1:z1:s0:g1:u0:c_28\
	\BasicCounter_1:MODULE_1:g2:a0:g1:z1:s0:g1:u0:c_27\
	\BasicCounter_1:MODULE_1:g2:a0:g1:z1:s0:g1:u0:c_26\
	\BasicCounter_1:MODULE_1:g2:a0:g1:z1:s0:g1:u0:c_25\

    Synthesized names
	\BasicCounter_1:add_vi_vv_MODGEN_1_31\
	\BasicCounter_1:add_vi_vv_MODGEN_1_30\
	\BasicCounter_1:add_vi_vv_MODGEN_1_29\
	\BasicCounter_1:add_vi_vv_MODGEN_1_28\
	\BasicCounter_1:add_vi_vv_MODGEN_1_27\
	\BasicCounter_1:add_vi_vv_MODGEN_1_26\
	\BasicCounter_1:add_vi_vv_MODGEN_1_25\
	\BasicCounter_1:add_vi_vv_MODGEN_1_24\
	\BasicCounter_1:add_vi_vv_MODGEN_1_23\
	\BasicCounter_1:add_vi_vv_MODGEN_1_22\
	\BasicCounter_1:add_vi_vv_MODGEN_1_21\
	\BasicCounter_1:add_vi_vv_MODGEN_1_20\
	\BasicCounter_1:add_vi_vv_MODGEN_1_19\
	\BasicCounter_1:add_vi_vv_MODGEN_1_18\
	\BasicCounter_1:add_vi_vv_MODGEN_1_17\
	\BasicCounter_1:add_vi_vv_MODGEN_1_16\
	\BasicCounter_1:add_vi_vv_MODGEN_1_15\
	\BasicCounter_1:add_vi_vv_MODGEN_1_14\
	\BasicCounter_1:add_vi_vv_MODGEN_1_13\
	\BasicCounter_1:add_vi_vv_MODGEN_1_12\
	\BasicCounter_1:add_vi_vv_MODGEN_1_11\
	\BasicCounter_1:add_vi_vv_MODGEN_1_10\
	\BasicCounter_1:add_vi_vv_MODGEN_1_9\
	\BasicCounter_1:add_vi_vv_MODGEN_1_8\
	\BasicCounter_1:add_vi_vv_MODGEN_1_7\
	\BasicCounter_1:add_vi_vv_MODGEN_1_6\
	\BasicCounter_1:add_vi_vv_MODGEN_1_5\
	\BasicCounter_1:add_vi_vv_MODGEN_1_4\
	\BasicCounter_1:add_vi_vv_MODGEN_1_3\
	\BasicCounter_1:add_vi_vv_MODGEN_1_2\

Deleted 109 User equations/components.
Deleted 30 Synthesized equations/components.

------------------------------------------------------
Alias Detection
------------------------------------------------------
Aliasing one to tmpOE__Pin_RED_net_0
Aliasing tmpOE__Pin_SW2_net_0 to tmpOE__Pin_RED_net_0
Aliasing Net_30 to zero
Aliasing Net_28 to tmpOE__Pin_RED_net_0
Aliasing \BasicCounter_1:MODULE_1:g2:a0:a_23\ to zero
Aliasing \BasicCounter_1:MODULE_1:g2:a0:a_22\ to zero
Aliasing \BasicCounter_1:MODULE_1:g2:a0:a_21\ to zero
Aliasing \BasicCounter_1:MODULE_1:g2:a0:a_20\ to zero
Aliasing \BasicCounter_1:MODULE_1:g2:a0:a_19\ to zero
Aliasing \BasicCounter_1:MODULE_1:g2:a0:a_18\ to zero
Aliasing \BasicCounter_1:MODULE_1:g2:a0:a_17\ to zero
Aliasing \BasicCounter_1:MODULE_1:g2:a0:a_16\ to zero
Aliasing \BasicCounter_1:MODULE_1:g2:a0:a_15\ to zero
Aliasing \BasicCounter_1:MODULE_1:g2:a0:a_14\ to zero
Aliasing \BasicCounter_1:MODULE_1:g2:a0:a_13\ to zero
Aliasing \BasicCounter_1:MODULE_1:g2:a0:a_12\ to zero
Aliasing \BasicCounter_1:MODULE_1:g2:a0:a_11\ to zero
Aliasing \BasicCounter_1:MODULE_1:g2:a0:a_10\ to zero
Aliasing \BasicCounter_1:MODULE_1:g2:a0:a_9\ to zero
Aliasing \BasicCounter_1:MODULE_1:g2:a0:a_8\ to zero
Aliasing \BasicCounter_1:MODULE_1:g2:a0:a_7\ to zero
Aliasing \BasicCounter_1:MODULE_1:g2:a0:a_6\ to zero
Aliasing \BasicCounter_1:MODULE_1:g2:a0:a_5\ to zero
Aliasing \BasicCounter_1:MODULE_1:g2:a0:a_4\ to zero
Aliasing \BasicCounter_1:MODULE_1:g2:a0:a_3\ to zero
Aliasing \BasicCounter_1:MODULE_1:g2:a0:a_2\ to zero
Aliasing \BasicCounter_1:MODULE_1:g2:a0:g1:z1:s0:g1:u0:b_0\ to tmpOE__Pin_RED_net_0
Aliasing tmpOE__Pin_RED2_net_0 to tmpOE__Pin_RED_net_0
Removing Lhs of wire one[8] = tmpOE__Pin_RED_net_0[1]
Removing Lhs of wire tmpOE__Pin_SW2_net_0[17] = tmpOE__Pin_RED_net_0[1]
Removing Lhs of wire Net_30[27] = zero[7]
Removing Lhs of wire Net_28[28] = tmpOE__Pin_RED_net_0[1]
Removing Lhs of wire \BasicCounter_1:add_vi_vv_MODGEN_1_1\[29] = \BasicCounter_1:MODULE_1:g2:a0:s_1\[189]
Removing Lhs of wire \BasicCounter_1:add_vi_vv_MODGEN_1_0\[30] = \BasicCounter_1:MODULE_1:g2:a0:s_0\[190]
Removing Lhs of wire \BasicCounter_1:MODULE_1:g2:a0:a_23\[71] = zero[7]
Removing Lhs of wire \BasicCounter_1:MODULE_1:g2:a0:a_22\[72] = zero[7]
Removing Lhs of wire \BasicCounter_1:MODULE_1:g2:a0:a_21\[73] = zero[7]
Removing Lhs of wire \BasicCounter_1:MODULE_1:g2:a0:a_20\[74] = zero[7]
Removing Lhs of wire \BasicCounter_1:MODULE_1:g2:a0:a_19\[75] = zero[7]
Removing Lhs of wire \BasicCounter_1:MODULE_1:g2:a0:a_18\[76] = zero[7]
Removing Lhs of wire \BasicCounter_1:MODULE_1:g2:a0:a_17\[77] = zero[7]
Removing Lhs of wire \BasicCounter_1:MODULE_1:g2:a0:a_16\[78] = zero[7]
Removing Lhs of wire \BasicCounter_1:MODULE_1:g2:a0:a_15\[79] = zero[7]
Removing Lhs of wire \BasicCounter_1:MODULE_1:g2:a0:a_14\[80] = zero[7]
Removing Lhs of wire \BasicCounter_1:MODULE_1:g2:a0:a_13\[81] = zero[7]
Removing Lhs of wire \BasicCounter_1:MODULE_1:g2:a0:a_12\[82] = zero[7]
Removing Lhs of wire \BasicCounter_1:MODULE_1:g2:a0:a_11\[83] = zero[7]
Removing Lhs of wire \BasicCounter_1:MODULE_1:g2:a0:a_10\[84] = zero[7]
Removing Lhs of wire \BasicCounter_1:MODULE_1:g2:a0:a_9\[85] = zero[7]
Removing Lhs of wire \BasicCounter_1:MODULE_1:g2:a0:a_8\[86] = zero[7]
Removing Lhs of wire \BasicCounter_1:MODULE_1:g2:a0:a_7\[87] = zero[7]
Removing Lhs of wire \BasicCounter_1:MODULE_1:g2:a0:a_6\[88] = zero[7]
Removing Lhs of wire \BasicCounter_1:MODULE_1:g2:a0:a_5\[89] = zero[7]
Removing Lhs of wire \BasicCounter_1:MODULE_1:g2:a0:a_4\[90] = zero[7]
Removing Lhs of wire \BasicCounter_1:MODULE_1:g2:a0:a_3\[91] = zero[7]
Removing Lhs of wire \BasicCounter_1:MODULE_1:g2:a0:a_2\[92] = zero[7]
Removing Lhs of wire \BasicCounter_1:MODULE_1:g2:a0:a_1\[93] = \BasicCounter_1:MODIN1_1\[94]
Removing Lhs of wire \BasicCounter_1:MODIN1_1\[94] = Net_34_1[26]
Removing Lhs of wire \BasicCounter_1:MODULE_1:g2:a0:a_0\[95] = \BasicCounter_1:MODIN1_0\[96]
Removing Lhs of wire \BasicCounter_1:MODIN1_0\[96] = Net_34_0[2]
Removing Lhs of wire \BasicCounter_1:MODULE_1:g2:a0:g1:z1:s0:g1:u0:c_0\[228] = tmpOE__Pin_RED_net_0[1]
Removing Lhs of wire \BasicCounter_1:MODULE_1:g2:a0:g1:z1:s0:g1:u0:b_0\[229] = tmpOE__Pin_RED_net_0[1]
Removing Lhs of wire tmpOE__Pin_RED2_net_0[231] = tmpOE__Pin_RED_net_0[1]

------------------------------------------------------
Aliased 0 equations, 35 wires.
------------------------------------------------------

----------------------------------------------------------
Circuit simplification
----------------------------------------------------------

Substituting virtuals - pass 1:

Note:  Expanding virtual equation for 'tmpOE__Pin_RED_net_0' (cost = 0):
tmpOE__Pin_RED_net_0 <=  ('1') ;

Note:  Expanding virtual equation for 'zero' (cost = 0):
zero <=  ('0') ;

Note:  Expanding virtual equation for '\BasicCounter_1:MODULE_1:g2:a0:g1:z1:s0:g1:u0:c_1\' (cost = 0):
\BasicCounter_1:MODULE_1:g2:a0:g1:z1:s0:g1:u0:c_1\ <= (Net_34_0);

Note:  Expanding virtual equation for '\BasicCounter_1:MODULE_1:g2:a0:s_0\' (cost = 0):
\BasicCounter_1:MODULE_1:g2:a0:s_0\ <= (not Net_34_0);

Note:  Expanding virtual equation for '\BasicCounter_1:MODULE_1:g2:a0:g1:z1:s0:g1:u0:c_17\' (cost = 0):
\BasicCounter_1:MODULE_1:g2:a0:g1:z1:s0:g1:u0:c_17\ <=  ('0') ;

Note:  Expanding virtual equation for '\BasicCounter_1:MODULE_1:g2:a0:g1:z1:s0:g1:u0:c_9\' (cost = 0):
\BasicCounter_1:MODULE_1:g2:a0:g1:z1:s0:g1:u0:c_9\ <=  ('0') ;

Note:  Expanding virtual equation for '\BasicCounter_1:MODULE_1:g2:a0:g1:z1:s0:g1:u0:c_2\' (cost = 0):
\BasicCounter_1:MODULE_1:g2:a0:g1:z1:s0:g1:u0:c_2\ <= ((Net_34_0 and Net_34_1));


Substituting virtuals - pass 2:

Note:  Expanding virtual equation for '\BasicCounter_1:MODULE_1:g2:a0:s_1\' (cost = 2):
\BasicCounter_1:MODULE_1:g2:a0:s_1\ <= ((not Net_34_0 and Net_34_1)
	OR (not Net_34_1 and Net_34_0));

Note:  Expanding virtual equation for '\BasicCounter_1:MODULE_1:g2:a0:g1:z1:s0:g1:u0:c_18\' (cost = 0):
\BasicCounter_1:MODULE_1:g2:a0:g1:z1:s0:g1:u0:c_18\ <=  ('0') ;

Note:  Expanding virtual equation for '\BasicCounter_1:MODULE_1:g2:a0:g1:z1:s0:g1:u0:c_10\' (cost = 0):
\BasicCounter_1:MODULE_1:g2:a0:g1:z1:s0:g1:u0:c_10\ <=  ('0') ;

Note:  Expanding virtual equation for '\BasicCounter_1:MODULE_1:g2:a0:g1:z1:s0:g1:u0:c_3\' (cost = 0):
\BasicCounter_1:MODULE_1:g2:a0:g1:z1:s0:g1:u0:c_3\ <=  ('0') ;


Substituting virtuals - pass 3:

Note:  Expanding virtual equation for '\BasicCounter_1:MODULE_1:g2:a0:g1:z1:s0:g1:u0:c_19\' (cost = 0):
\BasicCounter_1:MODULE_1:g2:a0:g1:z1:s0:g1:u0:c_19\ <=  ('0') ;

Note:  Expanding virtual equation for '\BasicCounter_1:MODULE_1:g2:a0:g1:z1:s0:g1:u0:c_11\' (cost = 0):
\BasicCounter_1:MODULE_1:g2:a0:g1:z1:s0:g1:u0:c_11\ <=  ('0') ;

Note:  Expanding virtual equation for '\BasicCounter_1:MODULE_1:g2:a0:g1:z1:s0:g1:u0:c_4\' (cost = 0):
\BasicCounter_1:MODULE_1:g2:a0:g1:z1:s0:g1:u0:c_4\ <=  ('0') ;


Substituting virtuals - pass 4:

Note:  Expanding virtual equation for '\BasicCounter_1:MODULE_1:g2:a0:g1:z1:s0:g1:u0:c_20\' (cost = 0):
\BasicCounter_1:MODULE_1:g2:a0:g1:z1:s0:g1:u0:c_20\ <=  ('0') ;

Note:  Expanding virtual equation for '\BasicCounter_1:MODULE_1:g2:a0:g1:z1:s0:g1:u0:c_12\' (cost = 0):
\BasicCounter_1:MODULE_1:g2:a0:g1:z1:s0:g1:u0:c_12\ <=  ('0') ;

Note:  Expanding virtual equation for '\BasicCounter_1:MODULE_1:g2:a0:g1:z1:s0:g1:u0:c_5\' (cost = 0):
\BasicCounter_1:MODULE_1:g2:a0:g1:z1:s0:g1:u0:c_5\ <=  ('0') ;


Substituting virtuals - pass 5:

Note:  Expanding virtual equation for '\BasicCounter_1:MODULE_1:g2:a0:g1:z1:s0:g1:u0:c_21\' (cost = 0):
\BasicCounter_1:MODULE_1:g2:a0:g1:z1:s0:g1:u0:c_21\ <=  ('0') ;

Note:  Expanding virtual equation for '\BasicCounter_1:MODULE_1:g2:a0:g1:z1:s0:g1:u0:c_13\' (cost = 0):
\BasicCounter_1:MODULE_1:g2:a0:g1:z1:s0:g1:u0:c_13\ <=  ('0') ;

Note:  Expanding virtual equation for '\BasicCounter_1:MODULE_1:g2:a0:g1:z1:s0:g1:u0:c_6\' (cost = 0):
\BasicCounter_1:MODULE_1:g2:a0:g1:z1:s0:g1:u0:c_6\ <=  ('0') ;


Substituting virtuals - pass 6:

Note:  Expanding virtual equation for '\BasicCounter_1:MODULE_1:g2:a0:g1:z1:s0:g1:u0:c_22\' (cost = 0):
\BasicCounter_1:MODULE_1:g2:a0:g1:z1:s0:g1:u0:c_22\ <=  ('0') ;

Note:  Expanding virtual equation for '\BasicCounter_1:MODULE_1:g2:a0:g1:z1:s0:g1:u0:c_14\' (cost = 0):
\BasicCounter_1:MODULE_1:g2:a0:g1:z1:s0:g1:u0:c_14\ <=  ('0') ;

Note:  Expanding virtual equation for '\BasicCounter_1:MODULE_1:g2:a0:g1:z1:s0:g1:u0:c_7\' (cost = 0):
\BasicCounter_1:MODULE_1:g2:a0:g1:z1:s0:g1:u0:c_7\ <=  ('0') ;


Substituting virtuals - pass 7:

Note:  Expanding virtual equation for '\BasicCounter_1:MODULE_1:g2:a0:g1:z1:s0:g1:u0:c_23\' (cost = 0):
\BasicCounter_1:MODULE_1:g2:a0:g1:z1:s0:g1:u0:c_23\ <=  ('0') ;

Note:  Expanding virtual equation for '\BasicCounter_1:MODULE_1:g2:a0:g1:z1:s0:g1:u0:c_15\' (cost = 0):
\BasicCounter_1:MODULE_1:g2:a0:g1:z1:s0:g1:u0:c_15\ <=  ('0') ;


Substituting virtuals - pass 8:


----------------------------------------------------------
Circuit simplification results:

	Expanded 25 signals.
	Turned 0 signals into soft nodes.
	Maximum default expansion cost was set at 3.
----------------------------------------------------------

------------------------------------------------------
Alias Detection
------------------------------------------------------
Aliasing \BasicCounter_1:MODULE_1:g2:a0:g1:z1:s0:g1:u0:b_24\ to zero
Aliasing \BasicCounter_1:MODULE_1:g2:a0:g1:z1:s0:g1:u0:b_16\ to zero
Aliasing \BasicCounter_1:MODULE_1:g2:a0:g1:z1:s0:g1:u0:b_8\ to zero
Removing Lhs of wire \BasicCounter_1:MODULE_1:g2:a0:g1:z1:s0:g1:u0:b_24\[199] = zero[7]
Removing Lhs of wire \BasicCounter_1:MODULE_1:g2:a0:g1:z1:s0:g1:u0:b_16\[209] = zero[7]
Removing Lhs of wire \BasicCounter_1:MODULE_1:g2:a0:g1:z1:s0:g1:u0:b_8\[219] = zero[7]

------------------------------------------------------
Aliased 0 equations, 3 wires.
------------------------------------------------------

----------------------------------------------------------
Circuit simplification
----------------------------------------------------------

Eliminating unused logic - pass 1:


Eliminating unused logic - pass 2:


Substituting virtuals - pass 1:


----------------------------------------------------------
Circuit simplification results:

	Expanded 0 signals.
	Turned 0 signals into soft nodes.
	Maximum default expansion cost was set at 3.
----------------------------------------------------------

topld:  No errors.

CYPRESS_DIR    : C:\Program Files (x86)\Cypress\PSoC Creator\4.4\PSoC Creator\warp
Warp Program   : C:\Program Files (x86)\Cypress\PSoC Creator\4.4\PSoC Creator\warp\bin\warp.exe
Warp Arguments : -yv2 -q10 -ygs -o2 -v3 -.fftcfgtype=BE -ya -.fftprj=C:\Users\yulian\Documents\Github\PSoC101_Jaunt\06_BasicCounter.cydsn\06_BasicCounter.cyprj -dcpsoc3 06_BasicCounter.v -verilog
</CYPRESSTAG>
Warp synthesis phase: Elapsed time ==> 0s.616ms
<CYPRESSTAG name="Fitter results...">
<CYPRESSTAG name="Fitter startup details...">
cyp3fit: V4.4.0.80, Family: PSoC3, Started at: Sunday, 01 June 2025 19:05:07
Options: -yv2 -q10 -ygs -o2 -v3 -.fftcfgtype=BE -ya -.fftprj=C:\Users\yulian\Documents\Github\PSoC101_Jaunt\06_BasicCounter.cydsn\06_BasicCounter.cyprj -d CY8C3866AXI-040 06_BasicCounter.v -verilog
</CYPRESSTAG>
<CYPRESSTAG name="Design parsing">
Design parsing phase: Elapsed time ==> 0s.005ms
</CYPRESSTAG>
<CYPRESSTAG name="Tech Mapping">
<CYPRESSTAG name="Initial Mapping" icon="FILE_RPT_TECHM">
    Removed wire end \BasicCounter_1:MODULE_1:g2:a0:g1:z1:s0:g1:u0:c_24\ kept zero
    Removed wire end \BasicCounter_1:MODULE_1:g2:a0:g1:z1:s0:g1:u0:c_16\ kept zero
    Removed wire end \BasicCounter_1:MODULE_1:g2:a0:g1:z1:s0:g1:u0:c_8\ kept zero
<CYPRESSTAG name="Global Clock Selection" icon="FILE_RPT_TECHM">
</CYPRESSTAG>
<CYPRESSTAG name="UDB Clock/Enable Remapping Results">
</CYPRESSTAG>
<CYPRESSTAG name="UDB Routed Clock Assignment">
    Routed Clock: Pin_SW2(0):iocell.fb
        Effective Clock: BUS_CLK
        Enable Signal: Pin_SW2(0):iocell.fb
</CYPRESSTAG>

Removing unused cells resulting from optimization
Done removing unused cells.
<CYPRESSTAG name="Duplicate Macrocell detection">
</CYPRESSTAG>
</CYPRESSTAG>
<CYPRESSTAG name="Duplicate Macrocell detection">
</CYPRESSTAG>
<CYPRESSTAG name="Design Equations" icon="FILE_RPT_EQUATION">

------------------------------------------------------------
Design Equations
------------------------------------------------------------
    <CYPRESSTAG name="Pin listing">

    ------------------------------------------------------------
    Pin listing
    ------------------------------------------------------------

    Pin : Name = Pin_RED(0)
        Attributes:
            In Group/Port: True
            In Sync Option: AUTO
            Out Sync Option: NOSYNC
            Interrupt generated: False
            Interrupt mode: NONE
            Drive mode: CMOS_OUT
            VTrip: EITHER
            Slew: FAST
            Input Sync needed: False
            Output Sync needed: False
            SC shield enabled: False
            POR State: ANY
            LCD Mode: COMMON
            Register Mode: RegComb
            CaSense Mode: NEITHER
            Treat as pin: True
            Is OE Registered: False
            Uses Analog: False
            Can contain Digital: True
            Is SIO: False
            SIO Output Buf: NONREGULATED
            SIO Input Buf: SINGLE_ENDED
            SIO HiFreq: LOW
            SIO Hyst: DISABLED
            SIO Vtrip: MULTIPLIER_0_5
            SIO Multiplier Index: 0
            SIO RefSel: VCC_IO
            Required Capabilities: DIGITAL, ROUTABLE
            Initial Value: 1
            IO Voltage: 0
        PORT MAP (
            pa_out => Pin_RED(0)__PA ,
            pin_input => Net_34_0 ,
            annotation => Net_4 ,
            pad => Pin_RED(0)_PAD );
        Properties:
        {
        }

    Pin : Name = Pin_SW2(0)
        Attributes:
            In Group/Port: True
            In Sync Option: SYNC
            Out Sync Option: AUTO
            Interrupt generated: False
            Interrupt mode: NONE
            Drive mode: RES_PULL_UP
            VTrip: CMOS
            Slew: FAST
            Input Sync needed: True
            Output Sync needed: False
            SC shield enabled: False
            POR State: ANY
            LCD Mode: COMMON
            Register Mode: RegComb
            CaSense Mode: NEITHER
            Treat as pin: True
            Is OE Registered: False
            Uses Analog: False
            Can contain Digital: True
            Is SIO: False
            SIO Output Buf: NONREGULATED
            SIO Input Buf: SINGLE_ENDED
            SIO HiFreq: LOW
            SIO Hyst: DISABLED
            SIO Vtrip: MULTIPLIER_0_5
            SIO Multiplier Index: 0
            SIO RefSel: VCC_IO
            Required Capabilities: DIGITAL, ROUTABLE
            Initial Value: 1
            IO Voltage: 0
        PORT MAP (
            pa_out => Pin_SW2(0)__PA ,
            fb => Net_31 ,
            annotation => Net_13 ,
            pad => Pin_SW2(0)_PAD );
        Properties:
        {
        }

    Pin : Name = Pin_RED2(0)
        Attributes:
            In Group/Port: True
            In Sync Option: AUTO
            Out Sync Option: NOSYNC
            Interrupt generated: False
            Interrupt mode: NONE
            Drive mode: CMOS_OUT
            VTrip: EITHER
            Slew: FAST
            Input Sync needed: False
            Output Sync needed: False
            SC shield enabled: False
            POR State: ANY
            LCD Mode: COMMON
            Register Mode: RegComb
            CaSense Mode: NEITHER
            Treat as pin: True
            Is OE Registered: False
            Uses Analog: False
            Can contain Digital: True
            Is SIO: False
            SIO Output Buf: NONREGULATED
            SIO Input Buf: SINGLE_ENDED
            SIO HiFreq: LOW
            SIO Hyst: DISABLED
            SIO Vtrip: MULTIPLIER_0_5
            SIO Multiplier Index: 0
            SIO RefSel: VCC_IO
            Required Capabilities: DIGITAL, ROUTABLE
            Initial Value: 1
            IO Voltage: 0
        PORT MAP (
            pa_out => Pin_RED2(0)__PA ,
            pin_input => Net_34_1 ,
            annotation => Net_33 ,
            pad => Pin_RED2(0)_PAD );
        Properties:
        {
        }
    </CYPRESSTAG>
    <CYPRESSTAG name="Macrocell listing" icon="FILE_RPT_EQUATION">

    ------------------------------------------------------------
    Macrocell listing
    ------------------------------------------------------------

    MacroCell: Name=Net_34_0, Mode=(T-Register)
        Total # of inputs        : 0
        Total # of product terms : 0
        List of special equations: 
            Clock  = (ClockBlock_BUS_CLK) => Global
            Clock Enable: PosEdge(Net_31)
        Main Equation            : 0 pterms
        !(
            0
        );
        Output = Net_34_0 (fanout=2)

    MacroCell: Name=Net_34_1, Mode=(T-Register)
        Total # of inputs        : 1
        Total # of product terms : 1
        List of special equations: 
            Clock  = (ClockBlock_BUS_CLK) => Global
            Clock Enable: PosEdge(Net_31)
        Main Equation            : 1 pterm
        (
              Net_34_0
        );
        Output = Net_34_1 (fanout=1)
    </CYPRESSTAG>
    <CYPRESSTAG name="Datapath listing">
    </CYPRESSTAG>
    <CYPRESSTAG name="Status register listing">
    </CYPRESSTAG>
    <CYPRESSTAG name="StatusI register listing">
    </CYPRESSTAG>
    <CYPRESSTAG name="Sync listing">
    </CYPRESSTAG>
    <CYPRESSTAG name="Control register listing">
    </CYPRESSTAG>
    <CYPRESSTAG name="Count7 listing">
    </CYPRESSTAG>
    <CYPRESSTAG name="DRQ listing">
    </CYPRESSTAG>
    <CYPRESSTAG name="Interrupt listing">
    </CYPRESSTAG>
</CYPRESSTAG>
<CYPRESSTAG name="Technology mapping summary" expanded>

------------------------------------------------------------
Technology mapping summary
------------------------------------------------------------

Resource Type                 : Used : Free :  Max :  % Used
============================================================
Digital Clocks                :    0 :    8 :    8 :  0.00 %
Analog Clocks                 :    0 :    4 :    4 :  0.00 %
CapSense Buffers              :    0 :    2 :    2 :  0.00 %
Digital Filter Block          :    0 :    1 :    1 :  0.00 %
Interrupts                    :    0 :   32 :   32 :  0.00 %
IO                            :    6 :   66 :   72 :  8.33 %
Segment LCD                   :    0 :    1 :    1 :  0.00 %
CAN 2.0b                      :    0 :    1 :    1 :  0.00 %
I2C                           :    0 :    1 :    1 :  0.00 %
USB                           :    0 :    1 :    1 :  0.00 %
DMA Channels                  :    0 :   24 :   24 :  0.00 %
Timer                         :    0 :    4 :    4 :  0.00 %
UDB                           :      :      :      :        
  Macrocells                  :    2 :  190 :  192 :  1.04 %
  Unique P-terms              :    1 :  383 :  384 :  0.26 %
  Total P-terms               :    1 :      :      :        
  Datapath Cells              :    0 :   24 :   24 :  0.00 %
  Status Cells                :    0 :   24 :   24 :  0.00 %
  Control Cells               :    0 :   24 :   24 :  0.00 %
Opamp                         :    0 :    4 :    4 :  0.00 %
Comparator                    :    0 :    4 :    4 :  0.00 %
Delta-Sigma ADC               :    0 :    1 :    1 :  0.00 %
LPF                           :    0 :    2 :    2 :  0.00 %
Analog (SC/CT) Blocks         :    0 :    4 :    4 :  0.00 %
DAC                           :      :      :      :        
  VIDAC                       :    0 :    4 :    4 :  0.00 %
</CYPRESSTAG>
Technology Mapping: Elapsed time ==> 0s.046ms
Tech Mapping phase: Elapsed time ==> 0s.144ms
</CYPRESSTAG>
<CYPRESSTAG name="Analog Placement">
Initial Analog Placement Results:
IO_2@[IOP=(6)][IoId=(2)] : Pin_RED(0) (fixed)
IO_3@[IOP=(6)][IoId=(3)] : Pin_RED2(0) (fixed)
IO_1@[IOP=(6)][IoId=(1)] : Pin_SW2(0) (fixed)
Analog Placement phase: Elapsed time ==> 0s.011ms
</CYPRESSTAG>
<CYPRESSTAG name="Analog Routing">
Analog Routing phase: Elapsed time ==> 0s.000ms
</CYPRESSTAG>
<CYPRESSTAG name="Analog Code Generation">
============ Analog Final Answer Routes ============
Dump of CyAnalogRoutingResultsDB
Map of net to items {
}
Map of item to net {
}
Mux Info {
}
Dump of CyP35AnalogRoutingResultsDB
IsVddaHalfUsedForComp = False
IsVddaHalfUsedForSar0 = False
IsVddaHalfUsedForSar1 = False
Analog Code Generation phase: Elapsed time ==> 0s.297ms
</CYPRESSTAG>
<CYPRESSTAG name="Digital Placement">
<CYPRESSTAG name="PLD Packing">
<CYPRESSTAG name="PLD Packing Summary" expanded>

------------------------------------------------------------
PLD Packing Summary
------------------------------------------------------------
            Resource Type : Used : Free :  Max :  % Used
    ====================================================
                     PLDs :    1 :   47 :   48 :   2.08%

<CYPRESSTAG name="PLD Statistics">

        PLD Resource Type :     Average/LAB
    =======================================
                   Inputs :            1.00
                   Pterms :            1.00
               Macrocells :            2.00
</CYPRESSTAG>
<CYPRESSTAG name="Packed PLD Contents">
Packed PLD Contents not displayed at this verbose level.</CYPRESSTAG>
</CYPRESSTAG>
PLD Packing: Elapsed time ==> 0s.000ms
</CYPRESSTAG>
<CYPRESSTAG name="Partitioning">
<CYPRESSTAG name="Initial Partitioning Summary">
Initial Partitioning Summary not displayed at this verbose level.</CYPRESSTAG>
<CYPRESSTAG name="Final Partitioning Summary">
Final Partitioning Summary not displayed at this verbose level.</CYPRESSTAG>
Partitioning: Elapsed time ==> 0s.015ms
</CYPRESSTAG>
<CYPRESSTAG name="Final Placement Summary">

------------------------------------------------------------
Final Placement Summary
------------------------------------------------------------

       Resource Type :      Count : Avg Inputs : Avg Outputs
    ========================================================
                 UDB :          1 :       1.00 :       2.00
<CYPRESSTAG name="Final Placement Details">
<CYPRESSTAG name="Component Details">

------------------------------------------------------------
Component Placement Details
------------------------------------------------------------
UDB [UDB=(0,0)] is empty.
UDB [UDB=(0,1)] is empty.
UDB [UDB=(0,2)] is empty.
UDB [UDB=(0,3)] is empty.
UDB [UDB=(0,4)] is empty.
UDB [UDB=(0,5)] contents:
LAB@[UDB=(0,5)][LB=0] #macrocells=2, #inputs=1, #pterms=1
{
    [McSlotId=0]:     MacroCell: Name=Net_34_1, Mode=(T-Register) @ [UDB=(0,5)][LB=0][MC=0]
        Total # of inputs        : 1
        Total # of product terms : 1
        List of special equations: 
            Clock  = (ClockBlock_BUS_CLK) => Global
            Clock Enable: PosEdge(Net_31)
        Main Equation            : 1 pterm
        (
              Net_34_0
        );
        Output = Net_34_1 (fanout=1)
        Properties               : 
        {
        }

    [McSlotId=1]:     MacroCell: Name=Net_34_0, Mode=(T-Register) @ [UDB=(0,5)][LB=0][MC=1]
        Total # of inputs        : 0
        Total # of product terms : 0
        List of special equations: 
            Clock  = (ClockBlock_BUS_CLK) => Global
            Clock Enable: PosEdge(Net_31)
        Main Equation            : 0 pterms
        !(
            0
        );
        Output = Net_34_0 (fanout=2)
        Properties               : 
        {
        }

    [McSlotId=2]: (empty)
    [McSlotId=3]: (empty)
}

UDB [UDB=(1,0)] is empty.
UDB [UDB=(1,1)] is empty.
UDB [UDB=(1,2)] is empty.
UDB [UDB=(1,3)] is empty.
UDB [UDB=(1,4)] is empty.
UDB [UDB=(1,5)] is empty.
UDB [UDB=(2,0)] is empty.
UDB [UDB=(2,1)] is empty.
UDB [UDB=(2,2)] is empty.
UDB [UDB=(2,3)] is empty.
UDB [UDB=(2,4)] is empty.
UDB [UDB=(2,5)] is empty.
UDB [UDB=(3,0)] is empty.
UDB [UDB=(3,1)] is empty.
UDB [UDB=(3,2)] is empty.
UDB [UDB=(3,3)] is empty.
UDB [UDB=(3,4)] is empty.
UDB [UDB=(3,5)] is empty.
Intr container @ [IntrContainer=(0)]: empty
Drq container @ [DrqContainer=(0)]: empty
Port 0 contains the following IO cells:
Port 1 contains the following IO cells:
Port 2 contains the following IO cells:
Port 3 contains the following IO cells:
Port 4 contains the following IO cells:
Port 5 contains the following IO cells:
Port 6 contains the following IO cells:
[IoId=1]: 
Pin : Name = Pin_SW2(0)
    Attributes:
        In Group/Port: True
        In Sync Option: SYNC
        Out Sync Option: AUTO
        Interrupt generated: False
        Interrupt mode: NONE
        Drive mode: RES_PULL_UP
        VTrip: CMOS
        Slew: FAST
        Input Sync needed: True
        Output Sync needed: False
        SC shield enabled: False
        POR State: ANY
        LCD Mode: COMMON
        Register Mode: RegComb
        CaSense Mode: NEITHER
        Treat as pin: True
        Is OE Registered: False
        Uses Analog: False
        Can contain Digital: True
        Is SIO: False
        SIO Output Buf: NONREGULATED
        SIO Input Buf: SINGLE_ENDED
        SIO HiFreq: LOW
        SIO Hyst: DISABLED
        SIO Vtrip: MULTIPLIER_0_5
        SIO Multiplier Index: 0
        SIO RefSel: VCC_IO
        Required Capabilities: DIGITAL, ROUTABLE
        Initial Value: 1
        IO Voltage: 0
    PORT MAP (
        pa_out => Pin_SW2(0)__PA ,
        fb => Net_31 ,
        annotation => Net_13 ,
        pad => Pin_SW2(0)_PAD );
    Properties:
    {
    }

[IoId=2]: 
Pin : Name = Pin_RED(0)
    Attributes:
        In Group/Port: True
        In Sync Option: AUTO
        Out Sync Option: NOSYNC
        Interrupt generated: False
        Interrupt mode: NONE
        Drive mode: CMOS_OUT
        VTrip: EITHER
        Slew: FAST
        Input Sync needed: False
        Output Sync needed: False
        SC shield enabled: False
        POR State: ANY
        LCD Mode: COMMON
        Register Mode: RegComb
        CaSense Mode: NEITHER
        Treat as pin: True
        Is OE Registered: False
        Uses Analog: False
        Can contain Digital: True
        Is SIO: False
        SIO Output Buf: NONREGULATED
        SIO Input Buf: SINGLE_ENDED
        SIO HiFreq: LOW
        SIO Hyst: DISABLED
        SIO Vtrip: MULTIPLIER_0_5
        SIO Multiplier Index: 0
        SIO RefSel: VCC_IO
        Required Capabilities: DIGITAL, ROUTABLE
        Initial Value: 1
        IO Voltage: 0
    PORT MAP (
        pa_out => Pin_RED(0)__PA ,
        pin_input => Net_34_0 ,
        annotation => Net_4 ,
        pad => Pin_RED(0)_PAD );
    Properties:
    {
    }

[IoId=3]: 
Pin : Name = Pin_RED2(0)
    Attributes:
        In Group/Port: True
        In Sync Option: AUTO
        Out Sync Option: NOSYNC
        Interrupt generated: False
        Interrupt mode: NONE
        Drive mode: CMOS_OUT
        VTrip: EITHER
        Slew: FAST
        Input Sync needed: False
        Output Sync needed: False
        SC shield enabled: False
        POR State: ANY
        LCD Mode: COMMON
        Register Mode: RegComb
        CaSense Mode: NEITHER
        Treat as pin: True
        Is OE Registered: False
        Uses Analog: False
        Can contain Digital: True
        Is SIO: False
        SIO Output Buf: NONREGULATED
        SIO Input Buf: SINGLE_ENDED
        SIO HiFreq: LOW
        SIO Hyst: DISABLED
        SIO Vtrip: MULTIPLIER_0_5
        SIO Multiplier Index: 0
        SIO RefSel: VCC_IO
        Required Capabilities: DIGITAL, ROUTABLE
        Initial Value: 1
        IO Voltage: 0
    PORT MAP (
        pa_out => Pin_RED2(0)__PA ,
        pin_input => Net_34_1 ,
        annotation => Net_33 ,
        pad => Pin_RED2(0)_PAD );
    Properties:
    {
    }

Port 12 contains the following IO cells:
Port 15 contains the following IO cells:
CAN group 0: empty
Cache group 0: empty
CapSense group 0: empty
Clock group 0: 
    Clock Block @ F(Clock,0): 
    clockblockcell: Name =ClockBlock
        PORT MAP (
            imo => ClockBlock_IMO ,
            pllout => ClockBlock_PLL_OUT ,
            ilo => ClockBlock_ILO ,
            clk_100k => ClockBlock_100k ,
            clk_1k => ClockBlock_1k ,
            clk_32k => ClockBlock_32k ,
            xtal => ClockBlock_XTAL ,
            clk_32k_xtal => ClockBlock_XTAL_32KHZ ,
            clk_sync => ClockBlock_MASTER_CLK ,
            clk_bus_glb => ClockBlock_BUS_CLK ,
            clk_bus => ClockBlock_BUS_CLK_local );
        Properties:
        {
        }
Comparator group 0: empty
DFB group 0: empty
DSM group 0: empty
Decimator group 0: empty
EMIF group 0: empty
I2C group 0: empty
LCD group 0: empty
LVD group 0: empty
PICU group 0: empty
PM group 0: empty
SC group 0: empty
SPC group 0: empty
Timer group 0: empty
USB group 0: empty
VIDAC group 0: empty
OpAmp group 0: empty
CsAbuf group 0: empty
Vref group 0: empty
LPF group 0: empty
ANAIF group 0: empty
PHUB group 0: empty
</CYPRESSTAG>
<CYPRESSTAG name="Port Configuration Details">

------------------------------------------------------------
Port Configuration report
------------------------------------------------------------
     |     |       | Interrupt |                  |             | 
Port | Pin | Fixed |      Type |       Drive Mode |        Name | Connections
-----+-----+-------+-----------+------------------+-------------+-------------
   6 |   1 |     * |      NONE |      RES_PULL_UP |  Pin_SW2(0) | FB(Net_31)
     |   2 |     * |      NONE |         CMOS_OUT |  Pin_RED(0) | In(Net_34_0)
     |   3 |     * |      NONE |         CMOS_OUT | Pin_RED2(0) | In(Net_34_1)
------------------------------------------------------------------------------
</CYPRESSTAG>
</CYPRESSTAG>
</CYPRESSTAG>
Digital component placer commit/Report: Elapsed time ==> 0s.002ms
Digital Placement phase: Elapsed time ==> 0s.960ms
</CYPRESSTAG>
<CYPRESSTAG name="Digital Routing">
"C:\Program Files (x86)\Cypress\PSoC Creator\4.4\PSoC Creator\bin/sjrouter.exe" --xml-path "C:\Program Files (x86)\Cypress\PSoC Creator\4.4\PSoC Creator\dev\psoc3/route_arch-rrg.cydata" --vh2-path "06_BasicCounter_r.vh2" --pcf-path "06_BasicCounter.pco" --des-name "06_BasicCounter" --dsf-path "06_BasicCounter.dsf" --sdc-path "06_BasicCounter.sdc" --lib-path "06_BasicCounter_r.lib"
Routing successful.
Digital Routing phase: Elapsed time ==> 1s.330ms
</CYPRESSTAG>
<CYPRESSTAG name="Bitstream Generation">
Bitstream Generation phase: Elapsed time ==> 0s.119ms
</CYPRESSTAG>
<CYPRESSTAG name="Bitstream Verification">
Bitstream Verification phase: Elapsed time ==> 0s.050ms
</CYPRESSTAG>
<CYPRESSTAG name="Static timing analysis">
Timing report is in 06_BasicCounter_timing.html.
Static timing analysis phase: Elapsed time ==> 0s.277ms
</CYPRESSTAG>
<CYPRESSTAG name="Data reporting">
Data reporting phase: Elapsed time ==> 0s.000ms
</CYPRESSTAG>
<CYPRESSTAG name="Database update...">
Design database save phase: Elapsed time ==> 0s.229ms
</CYPRESSTAG>
cydsfit: Elapsed time ==> 3s.535ms
</CYPRESSTAG>
Fitter phase: Elapsed time ==> 3s.541ms
API generation phase: Elapsed time ==> 1s.328ms
Dependency generation phase: Elapsed time ==> 0s.011ms
Cleanup phase: Elapsed time ==> 0s.000ms
