C51 COMPILER V9.51   MAIN                                                                  06/01/2025 14:39:04 PAGE 1   


C51 COMPILER V9.51, COMPILATION OF MODULE MAIN
OBJECT MODULE PLACED IN .\DP8051\DP8051_Keil_951\Debug\main.obj
COMPILER INVOKED BY: C:\Program Files (x86)\Cypress\PSoC Creator\4.4\PSoC Creator\import\keil\pk51\9.51\C51\BIN\c51.exe 
                    -main.c NOIV LARGE MODDP2 OMF2 VB(1) NOIP INCDIR(.,Generated_Source\PSoC3) FF(3) DB DF(DEBUG) WL(2) PR(.\DP8051\DP8051_Ke
                    -il_951\Debug/main.lst) CD OT(2,SIZE) OJ(.\DP8051\DP8051_Keil_951\Debug\main.obj)

line level    source

   1          /* ========================================
   2           *
   3           * Copyright YOUR COMPANY, THE YEAR
   4           * All Rights Reserved
   5           * UNPUBLISHED, LICENSED SOFTWARE.
   6           *
   7           * CONFIDENTIAL AND PROPRIETARY INFORMATION
   8           * WHICH IS THE PROPERTY OF your company.
   9           *
  10           * ========================================
  11          */
  12          #include "project.h"
  13          
  14          int main(void)
  15          {
  16   1          CyGlobalIntEnable; /* Enable global interrupts. */
  17   1      
  18   1          /* Place your initialization/startup code here (e.g. MyInst_Start()) */
  19   1      
  20   1          for(;;)
  21   1          {
  22   2              /* Place your application code here. */
  23   2              Pin_ONE_Write( ~Pin_ONE_Read() );
  24   2              CyDelay( 500 );
  25   2              Pin_TWO_Write( ~Pin_TWO_Read() );
  26   2              
  27   2          }
  28   1      }
  29          
  30          /* [] END OF FILE */
C51 COMPILER V9.51   MAIN                                                                  06/01/2025 14:39:04 PAGE 2   

ASSEMBLY LISTING OF GENERATED OBJECT CODE


             ; FUNCTION main (BEGIN)
                                           ; SOURCE LINE # 14
                                           ; SOURCE LINE # 15
                                           ; SOURCE LINE # 16
0000 D2AF              SETB    EA
0002 9044F4            MOV     DPTR,#044F4H
0005 74FD              MOV     A,#0FDH
0007 F0                MOVX    @DPTR,A
                                           ; SOURCE LINE # 20
0008         ?C0001:
                                           ; SOURCE LINE # 21
                                           ; SOURCE LINE # 23
0008 120000      E     LCALL   Pin_ONE_Read
000B EF                MOV     A,R7
000C F4                CPL     A
000D FF                MOV     R7,A
000E 120000      E     LCALL   _Pin_ONE_Write
                                           ; SOURCE LINE # 24
0011 7FF4              MOV     R7,#0F4H
0013 7E01              MOV     R6,#01H
0015 7D00              MOV     R5,#00H
0017 7C00              MOV     R4,#00H
0019 120000      E     LCALL   _?CyDelay
                                           ; SOURCE LINE # 25
001C 120000      E     LCALL   Pin_TWO_Read
001F EF                MOV     A,R7
0020 F4                CPL     A
0021 FF                MOV     R7,A
0022 120000      E     LCALL   _Pin_TWO_Write
                                           ; SOURCE LINE # 27
0025 80E1              SJMP    ?C0001
0027 22                RET     
             ; FUNCTION main (END)



MODULE INFORMATION:   STATIC OVERLAYABLE
   CODE SIZE        =     40    ----
   CONSTANT SIZE    =   ----    ----
   XDATA SIZE       =   ----    ----
   PDATA SIZE       =   ----    ----
   DATA SIZE        =   ----    ----
   IDATA SIZE       =   ----    ----
   BIT SIZE         =   ----    ----
   EDATA SIZE       =   ----    ----
   HDATA SIZE       =   ----    ----
   XDATA CONST SIZE =   ----    ----
   FAR CONST SIZE   =   ----    ----
END OF MODULE INFORMATION.


C51 COMPILATION COMPLETE.  0 WARNING(S),  0 ERROR(S)
