C51 COMPILER V9.51   PIN_SW2                                                               06/01/2025 17:15:37 PAGE 1   


C51 COMPILER V9.51, COMPILATION OF MODULE PIN_SW2
OBJECT MODULE PLACED IN .\DP8051\DP8051_Keil_951\Debug\Pin_SW2.obj
COMPILER INVOKED BY: C:\Program Files (x86)\Cypress\PSoC Creator\4.4\PSoC Creator\import\keil\pk51\9.51\C51\BIN\c51.exe 
                    -Generated_Source\PSoC3\Pin_SW2.c NOIV LARGE MODDP2 OMF2 VB(1) NOIP INCDIR(.,Generated_Source\PSoC3) FF(3) DB DF(DEBUG) W
                    -L(2) PR(.\DP8051\DP8051_Keil_951\Debug/Pin_SW2.lst) CD OT(2,SIZE) OJ(.\DP8051\DP8051_Keil_951\Debug\Pin_SW2.obj)

line level    source

   1          /*******************************************************************************
   2          * File Name: Pin_SW2.c  
   3          * Version 2.20
   4          *
   5          * Description:
   6          *  This file contains API to enable firmware control of a Pins component.
   7          *
   8          * Note:
   9          *
  10          ********************************************************************************
  11          * Copyright 2008-2015, Cypress Semiconductor Corporation.  All rights reserved.
  12          * You may use this file only in accordance with the license, terms, conditions, 
  13          * disclaimers, and limitations in the end user license agreement accompanying 
  14          * the software package with which this file was provided.
  15          *******************************************************************************/
  16          
  17          #include "cytypes.h"
  18          #include "Pin_SW2.h"
  19          
  20          
  21          /*******************************************************************************
  22          * Function Name: Pin_SW2_Write
  23          ****************************************************************************//**
  24          *
  25          * \brief Writes the value to the physical port (data output register), masking
  26          *  and shifting the bits appropriately. 
  27          *
  28          * The data output register controls the signal applied to the physical pin in 
  29          * conjunction with the drive mode parameter. This function avoids changing 
  30          * other bits in the port by using the appropriate method (read-modify-write or
  31          * bit banding).
  32          *
  33          * <b>Note</b> This function should not be used on a hardware digital output pin 
  34          * as it is driven by the hardware signal attached to it.
  35          *
  36          * \param value
  37          *  Value to write to the component instance.
  38          *
  39          * \return 
  40          *  None 
  41          *
  42          * \sideeffect
  43          *  If you use read-modify-write operations that are not atomic; the Interrupt 
  44          *  Service Routines (ISR) can cause corruption of this function. An ISR that 
  45          *  interrupts this function and performs writes to the Pins component data 
  46          *  register can cause corrupted port data. To avoid this issue, you should 
  47          *  either use the Per-Pin APIs (primary method) or disable interrupts around 
  48          *  this function.
  49          *
  50          * \funcusage
  51          *  \snippet Pin_SW2_SUT.c usage_Pin_SW2_Write
  52          *******************************************************************************/
  53          void Pin_SW2_Write(uint8 value) 
C51 COMPILER V9.51   PIN_SW2                                                               06/01/2025 17:15:37 PAGE 2   

  54          {
  55   1          uint8 staticBits = (Pin_SW2_DR & (uint8)(~Pin_SW2_MASK));
  56   1          Pin_SW2_DR = staticBits | ((uint8)(value << Pin_SW2_SHIFT) & Pin_SW2_MASK);
  57   1      }
  58          
  59          
  60          /*******************************************************************************
  61          * Function Name: Pin_SW2_SetDriveMode
  62          ****************************************************************************//**
  63          *
  64          * \brief Sets the drive mode for each of the Pins component's pins.
  65          * 
  66          * <b>Note</b> This affects all pins in the Pins component instance. Use the
  67          * Per-Pin APIs if you wish to control individual pin's drive modes.
  68          *
  69          * \param mode
  70          *  Mode for the selected signals. Valid options are documented in 
  71          *  \ref driveMode.
  72          *
  73          * \return
  74          *  None
  75          *
  76          * \sideeffect
  77          *  If you use read-modify-write operations that are not atomic, the ISR can
  78          *  cause corruption of this function. An ISR that interrupts this function 
  79          *  and performs writes to the Pins component Drive Mode registers can cause 
  80          *  corrupted port data. To avoid this issue, you should either use the Per-Pin
  81          *  APIs (primary method) or disable interrupts around this function.
  82          *
  83          * \funcusage
  84          *  \snippet Pin_SW2_SUT.c usage_Pin_SW2_SetDriveMode
  85          *******************************************************************************/
  86          void Pin_SW2_SetDriveMode(uint8 mode) 
  87          {
  88   1              CyPins_SetPinDriveMode(Pin_SW2_0, mode);
  89   1      }
  90          
  91          
  92          /*******************************************************************************
  93          * Function Name: Pin_SW2_Read
  94          ****************************************************************************//**
  95          *
  96          * \brief Reads the associated physical port (pin status register) and masks 
  97          *  the required bits according to the width and bit position of the component
  98          *  instance. 
  99          *
 100          * The pin's status register returns the current logic level present on the 
 101          * physical pin.
 102          *
 103          * \return 
 104          *  The current value for the pins in the component as a right justified number.
 105          *
 106          * \funcusage
 107          *  \snippet Pin_SW2_SUT.c usage_Pin_SW2_Read  
 108          *******************************************************************************/
 109          uint8 Pin_SW2_Read(void) 
 110          {
 111   1          return (Pin_SW2_PS & Pin_SW2_MASK) >> Pin_SW2_SHIFT;
 112   1      }
 113          
 114          
 115          /*******************************************************************************
C51 COMPILER V9.51   PIN_SW2                                                               06/01/2025 17:15:37 PAGE 3   

 116          * Function Name: Pin_SW2_ReadDataReg
 117          ****************************************************************************//**
 118          *
 119          * \brief Reads the associated physical port's data output register and masks 
 120          *  the correct bits according to the width and bit position of the component 
 121          *  instance. 
 122          *
 123          * The data output register controls the signal applied to the physical pin in 
 124          * conjunction with the drive mode parameter. This is not the same as the 
 125          * preferred Pin_SW2_Read() API because the 
 126          * Pin_SW2_ReadDataReg() reads the data register instead of the status 
 127          * register. For output pins this is a useful function to determine the value 
 128          * just written to the pin.
 129          *
 130          * \return 
 131          *  The current value of the data register masked and shifted into a right 
 132          *  justified number for the component instance.
 133          *
 134          * \funcusage
 135          *  \snippet Pin_SW2_SUT.c usage_Pin_SW2_ReadDataReg 
 136          *******************************************************************************/
 137          uint8 Pin_SW2_ReadDataReg(void) 
 138          {
 139   1          return (Pin_SW2_DR & Pin_SW2_MASK) >> Pin_SW2_SHIFT;
 140   1      }
 141          
 142          
 143          /* If interrupt is connected for this Pins component */ 
 144          #if defined(Pin_SW2_INTSTAT) 
 145          
 146              /*******************************************************************************
 147              * Function Name: Pin_SW2_SetInterruptMode
 148              ****************************************************************************//**
 149              *
 150              * \brief Configures the interrupt mode for each of the Pins component's
 151              *  pins. Alternatively you may set the interrupt mode for all the pins
 152              *  specified in the Pins component.
 153              *
 154              *  <b>Note</b> The interrupt is port-wide and therefore any enabled pin
 155              *  interrupt may trigger it.
 156              *
 157              * \param position
 158              *  The pin position as listed in the Pins component. You may OR these to be 
 159              *  able to configure the interrupt mode of multiple pins within a Pins 
 160              *  component. Or you may use Pin_SW2_INTR_ALL to configure the
 161              *  interrupt mode of all the pins in the Pins component.       
 162              *  - Pin_SW2_0_INTR       (First pin in the list)
 163              *  - Pin_SW2_1_INTR       (Second pin in the list)
 164              *  - ...
 165              *  - Pin_SW2_INTR_ALL     (All pins in Pins component)
 166              *
 167              * \param mode
 168              *  Interrupt mode for the selected pins. Valid options are documented in
 169              *  \ref intrMode.
 170              *
 171              * \return 
 172              *  None
 173              *  
 174              * \sideeffect
 175              *  It is recommended that the interrupt be disabled before calling this 
 176              *  function to avoid unintended interrupt requests. Note that the interrupt
 177              *  type is port wide, and therefore will trigger for any enabled pin on the 
C51 COMPILER V9.51   PIN_SW2                                                               06/01/2025 17:15:37 PAGE 4   

 178              *  port.
 179              *
 180              * \funcusage
 181              *  \snippet Pin_SW2_SUT.c usage_Pin_SW2_SetInterruptMode
 182              *******************************************************************************/
 183              void Pin_SW2_SetInterruptMode(uint16 position, uint16 mode) 
 184                                      
 185              {
 186   1                      if((position & Pin_SW2_0_INTR) != 0u) 
 187   1                      { 
 188   2                               Pin_SW2_0_INTTYPE_REG = (uint8)mode; 
 189   2                      }
 190   1          }
 191              
 192              
 193              /*******************************************************************************
 194              * Function Name: Pin_SW2_ClearInterrupt
 195              ****************************************************************************//**
 196              *
 197              * \brief Clears any active interrupts attached with the component and returns 
 198              *  the value of the interrupt status register allowing determination of which
 199              *  pins generated an interrupt event.
 200              *
 201              * \return 
 202              *  The right-shifted current value of the interrupt status register. Each pin 
 203              *  has one bit set if it generated an interrupt event. For example, bit 0 is 
 204              *  for pin 0 and bit 1 is for pin 1 of the Pins component.
 205              *  
 206              * \sideeffect
 207              *  Clears all bits of the physical port's interrupt status register, not just
 208              *  those associated with the Pins component.
 209              *
 210              * \funcusage
 211              *  \snippet Pin_SW2_SUT.c usage_Pin_SW2_ClearInterrupt
 212              *******************************************************************************/
 213              uint8 Pin_SW2_ClearInterrupt(void) 
 214              {
 215   1              return (Pin_SW2_INTSTAT & Pin_SW2_MASK) >> Pin_SW2_SHIFT;
 216   1          }
 217          
 218          #endif /* (Pin_SW2_INTSTAT) */ 
 219          
 220          
 221          /* [] END OF FILE */
C51 COMPILER V9.51   PIN_SW2                                                               06/01/2025 17:15:37 PAGE 5   

ASSEMBLY LISTING OF GENERATED OBJECT CODE


             ; FUNCTION _Pin_SW2_Write (BEGIN)
                                           ; SOURCE LINE # 53
0000 900000      R     MOV     DPTR,#value
0003 EF                MOV     A,R7
0004 F0                MOVX    @DPTR,A
                                           ; SOURCE LINE # 54
                                           ; SOURCE LINE # 55
0005 905160            MOV     DPTR,#05160H
0008 E0                MOVX    A,@DPTR
0009 FF                MOV     R7,A
000A EF                MOV     A,R7
000B 54FD              ANL     A,#0FDH
000D FF                MOV     R7,A
000E 900000      R     MOV     DPTR,#staticBits
0011 EF                MOV     A,R7
0012 F0                MOVX    @DPTR,A
                                           ; SOURCE LINE # 56
0013 900000      R     MOV     DPTR,#value
0016 E0                MOVX    A,@DPTR
0017 FF                MOV     R7,A
0018 EF                MOV     A,R7
0019 25E0              ADD     A,ACC
001B FF                MOV     R7,A
001C EF                MOV     A,R7
001D 5402              ANL     A,#02H
001F FF                MOV     R7,A
0020 900000      R     MOV     DPTR,#staticBits
0023 E0                MOVX    A,@DPTR
0024 FE                MOV     R6,A
0025 EF                MOV     A,R7
0026 4E                ORL     A,R6
0027 FF                MOV     R7,A
0028 905160            MOV     DPTR,#05160H
002B EF                MOV     A,R7
002C F0                MOVX    @DPTR,A
                                           ; SOURCE LINE # 57
002D 22                RET     
             ; FUNCTION _Pin_SW2_Write (END)

             ; FUNCTION _Pin_SW2_SetDriveMode (BEGIN)
                                           ; SOURCE LINE # 86
0000 900000      R     MOV     DPTR,#mode
0003 EF                MOV     A,R7
0004 F0                MOVX    @DPTR,A
                                           ; SOURCE LINE # 87
                                           ; SOURCE LINE # 88
0005 900000      R     MOV     DPTR,#mode
0008 E0                MOVX    A,@DPTR
0009 FF                MOV     R7,A
000A EF                MOV     A,R7
000B 540E              ANL     A,#0EH
000D FF                MOV     R7,A
000E 905031            MOV     DPTR,#05031H
0011 E0                MOVX    A,@DPTR
0012 FE                MOV     R6,A
0013 EE                MOV     A,R6
0014 54F1              ANL     A,#0F1H
0016 FE                MOV     R6,A
0017 EE                MOV     A,R6
C51 COMPILER V9.51   PIN_SW2                                                               06/01/2025 17:15:37 PAGE 6   

0018 4F                ORL     A,R7
0019 FF                MOV     R7,A
001A 905031            MOV     DPTR,#05031H
001D EF                MOV     A,R7
001E F0                MOVX    @DPTR,A
                                           ; SOURCE LINE # 89
001F 22                RET     
             ; FUNCTION _Pin_SW2_SetDriveMode (END)

             ; FUNCTION Pin_SW2_Read (BEGIN)
                                           ; SOURCE LINE # 109
                                           ; SOURCE LINE # 110
                                           ; SOURCE LINE # 111
0000 905161            MOV     DPTR,#05161H
0003 E0                MOVX    A,@DPTR
0004 FF                MOV     R7,A
0005 EF                MOV     A,R7
0006 5402              ANL     A,#02H
0008 FF                MOV     R7,A
0009 7E00              MOV     R6,#00H
000B EE                MOV     A,R6
000C C3                CLR     C
000D 13                RRC     A
000E FE                MOV     R6,A
000F EF                MOV     A,R7
0010 13                RRC     A
0011 FF                MOV     R7,A
                                           ; SOURCE LINE # 112
0012         ?C0003:
0012 22                RET     
             ; FUNCTION Pin_SW2_Read (END)

             ; FUNCTION Pin_SW2_ReadDataReg (BEGIN)
                                           ; SOURCE LINE # 137
                                           ; SOURCE LINE # 138
                                           ; SOURCE LINE # 139
0000 905160            MOV     DPTR,#05160H
0003 E0                MOVX    A,@DPTR
0004 FF                MOV     R7,A
0005 EF                MOV     A,R7
0006 5402              ANL     A,#02H
0008 FF                MOV     R7,A
0009 7E00              MOV     R6,#00H
000B EE                MOV     A,R6
000C C3                CLR     C
000D 13                RRC     A
000E FE                MOV     R6,A
000F EF                MOV     A,R7
0010 13                RRC     A
0011 FF                MOV     R7,A
                                           ; SOURCE LINE # 140
0012         ?C0004:
0012 22                RET     
             ; FUNCTION Pin_SW2_ReadDataReg (END)

             ; FUNCTION _Pin_SW2_SetInterruptMode (BEGIN)
                                           ; SOURCE LINE # 183
0000 900000      R     MOV     DPTR,#position
0003 EE                MOV     A,R6
0004 F0                MOVX    @DPTR,A
0005 A3                INC     DPTR
0006 EF                MOV     A,R7
C51 COMPILER V9.51   PIN_SW2                                                               06/01/2025 17:15:37 PAGE 7   

0007 F0                MOVX    @DPTR,A
0008 900000      R     MOV     DPTR,#mode
000B EC                MOV     A,R4
000C F0                MOVX    @DPTR,A
000D A3                INC     DPTR
000E ED                MOV     A,R5
000F F0                MOVX    @DPTR,A
                                           ; SOURCE LINE # 185
                                           ; SOURCE LINE # 186
0010 900000      R     MOV     DPTR,#position
0013 E0                MOVX    A,@DPTR
0014 FE                MOV     R6,A
0015 A3                INC     DPTR
0016 E0                MOVX    A,@DPTR
0017 FF                MOV     R7,A
0018 EF                MOV     A,R7
0019 30E10D            JNB     ACC.1,?C0006
                                           ; SOURCE LINE # 187
                                           ; SOURCE LINE # 188
001C 900000      R     MOV     DPTR,#mode
001F E0                MOVX    A,@DPTR
0020 FE                MOV     R6,A
0021 A3                INC     DPTR
0022 E0                MOVX    A,@DPTR
0023 FF                MOV     R7,A
0024 904531            MOV     DPTR,#04531H
0027 EF                MOV     A,R7
0028 F0                MOVX    @DPTR,A
                                           ; SOURCE LINE # 189
                                           ; SOURCE LINE # 190
0029         ?C0006:
0029 22                RET     
             ; FUNCTION _Pin_SW2_SetInterruptMode (END)

             ; FUNCTION Pin_SW2_ClearInterrupt (BEGIN)
                                           ; SOURCE LINE # 213
                                           ; SOURCE LINE # 214
                                           ; SOURCE LINE # 215
0000 904586            MOV     DPTR,#04586H
0003 E0                MOVX    A,@DPTR
0004 FF                MOV     R7,A
0005 EF                MOV     A,R7
0006 5402              ANL     A,#02H
0008 FF                MOV     R7,A
0009 7E00              MOV     R6,#00H
000B EE                MOV     A,R6
000C C3                CLR     C
000D 13                RRC     A
000E FE                MOV     R6,A
000F EF                MOV     A,R7
0010 13                RRC     A
0011 FF                MOV     R7,A
                                           ; SOURCE LINE # 216
0012         ?C0007:
0012 22                RET     
             ; FUNCTION Pin_SW2_ClearInterrupt (END)



MODULE INFORMATION:   STATIC OVERLAYABLE
   CODE SIZE        =    177    ----
   CONSTANT SIZE    =   ----    ----
C51 COMPILER V9.51   PIN_SW2                                                               06/01/2025 17:15:37 PAGE 8   

   XDATA SIZE       =   ----       7
   PDATA SIZE       =   ----    ----
   DATA SIZE        =   ----    ----
   IDATA SIZE       =   ----    ----
   BIT SIZE         =   ----    ----
   EDATA SIZE       =   ----    ----
   HDATA SIZE       =   ----    ----
   XDATA CONST SIZE =   ----    ----
   FAR CONST SIZE   =   ----    ----
END OF MODULE INFORMATION.


C51 COMPILATION COMPLETE.  0 WARNING(S),  0 ERROR(S)
